{
  "RSpec": {
    "coverage": {
      "/Users/daniels/turing/Mod3/Projects/whether_sweater/config/environment.rb": {
        "lines": [
          null,
          1,
          null,
          null,
          1
        ]
      },
      "/Users/daniels/turing/Mod3/Projects/whether_sweater/config/application.rb": {
        "lines": [
          1,
          null,
          1,
          null,
          1,
          1,
          1,
          1,
          1,
          1,
          1,
          1,
          1,
          1,
          null,
          null,
          null,
          null,
          null,
          1,
          null,
          1,
          1,
          null,
          1,
          null,
          null,
          null,
          null,
          null,
          null,
          null,
          null,
          null,
          1,
          null,
          null
        ]
      },
      "/Users/daniels/turing/Mod3/Projects/whether_sweater/config/boot.rb": {
        "lines": [
          1,
          null,
          1,
          1
        ]
      },
      "/Users/daniels/turing/Mod3/Projects/whether_sweater/config/environments/test.rb": {
        "lines": [
          null,
          null,
          null,
          null,
          null,
          1,
          null,
          null,
          1,
          null,
          null,
          null,
          null,
          1,
          null,
          null,
          1,
          1,
          null,
          null,
          null,
          null,
          1,
          1,
          1,
          null,
          null,
          1,
          null,
          null,
          1,
          null,
          null,
          1,
          null,
          1,
          null,
          null,
          null,
          null,
          1,
          null,
          null,
          1,
          null,
          null,
          null,
          null
        ]
      },
      "/Users/daniels/turing/Mod3/Projects/whether_sweater/config/initializers/application_controller_renderer.rb": {
        "lines": [
          null,
          null,
          null,
          null,
          null,
          null,
          null,
          null
        ]
      },
      "/Users/daniels/turing/Mod3/Projects/whether_sweater/config/initializers/backtrace_silencers.rb": {
        "lines": [
          null,
          null,
          null,
          null,
          null,
          null,
          null
        ]
      },
      "/Users/daniels/turing/Mod3/Projects/whether_sweater/config/initializers/cors.rb": {
        "lines": [
          null,
          null,
          null,
          null,
          null,
          null,
          null,
          null,
          null,
          null,
          null,
          null,
          null,
          null,
          null,
          null
        ]
      },
      "/Users/daniels/turing/Mod3/Projects/whether_sweater/config/initializers/filter_parameter_logging.rb": {
        "lines": [
          null,
          null,
          null,
          1
        ]
      },
      "/Users/daniels/turing/Mod3/Projects/whether_sweater/config/initializers/inflections.rb": {
        "lines": [
          null,
          null,
          null,
          null,
          null,
          null,
          null,
          null,
          null,
          null,
          null,
          null,
          null,
          null,
          null,
          null
        ]
      },
      "/Users/daniels/turing/Mod3/Projects/whether_sweater/config/initializers/mime_types.rb": {
        "lines": [
          null,
          null,
          null,
          null
        ]
      },
      "/Users/daniels/turing/Mod3/Projects/whether_sweater/config/initializers/wrap_parameters.rb": {
        "lines": [
          null,
          null,
          null,
          null,
          null,
          null,
          1,
          2,
          null,
          null,
          null,
          null,
          null,
          null
        ]
      },
      "/Users/daniels/turing/Mod3/Projects/whether_sweater/config/routes.rb": {
        "lines": [
          1,
          null,
          1,
          1,
          1,
          null,
          null,
          null
        ]
      },
      "/Users/daniels/turing/Mod3/Projects/whether_sweater/app/controllers/application_controller.rb": {
        "lines": [
          1,
          null
        ]
      },
      "/Users/daniels/turing/Mod3/Projects/whether_sweater/app/controllers/api/v1/forecast_controller.rb": {
        "lines": [
          1,
          null,
          1,
          4,
          4,
          null,
          null
        ]
      },
      "/Users/daniels/turing/Mod3/Projects/whether_sweater/app/facades/forecast_facade.rb": {
        "lines": [
          1,
          null,
          1,
          null,
          1,
          4,
          null,
          null,
          1,
          4,
          null,
          null,
          1,
          4,
          4,
          null,
          null,
          1,
          4,
          4,
          null,
          null
        ]
      },
      "/Users/daniels/turing/Mod3/Projects/whether_sweater/app/services/google_service.rb": {
        "lines": [
          1,
          null,
          1,
          4,
          null,
          null,
          1,
          4,
          4,
          null,
          4,
          4,
          null,
          null,
          null,
          null,
          1,
          1,
          4,
          4,
          4,
          null,
          null,
          null
        ]
      },
      "/Users/daniels/turing/Mod3/Projects/whether_sweater/app/services/owoc_service.rb": {
        "lines": [
          1,
          null,
          1,
          4,
          4,
          null,
          null,
          1,
          4,
          4,
          null,
          null,
          null
        ]
      },
      "/Users/daniels/turing/Mod3/Projects/whether_sweater/app/models/forecast.rb": {
        "lines": [
          1,
          1,
          null,
          1,
          4,
          4,
          4,
          4,
          4,
          4,
          null,
          null,
          1,
          8,
          null,
          null,
          null,
          null,
          null,
          null,
          null,
          1,
          8,
          null,
          null,
          null,
          null,
          null,
          null,
          null,
          null,
          1,
          8,
          64,
          null,
          null,
          null,
          null,
          null,
          null,
          1,
          8,
          64,
          null,
          null,
          null,
          null,
          null
        ]
      },
      "/Users/daniels/turing/Mod3/Projects/whether_sweater/app/serializers/forecast_serializer.rb": {
        "lines": [
          1,
          1,
          1,
          null
        ]
      }
    },
    "timestamp": 1591665551
  }
}
